app/manifest-merger-release-report.txt
-- Merging decision tree log ---
manifest
ADDED from AndroidManifest.xml:2:1
	package
		ADDED from AndroidManifest.xml:3:5
		INJECTED from AndroidManifest.xml:0:0
		INJECTED from AndroidManifest.xml:0:0
	android:versionName
		INJECTED from AndroidManifest.xml:0:0
		INJECTED from AndroidManifest.xml:0:0
	xmlns:android
		ADDED from AndroidManifest.xml:2:11
	android:versionCode
		INJECTED from AndroidManifest.xml:0:0
		INJECTED from AndroidManifest.xml:0:0
uses-feature#android.hardware.touchscreen
ADDED from AndroidManifest.xml:5:5
	android:required
		ADDED from AndroidManifest.xml:7:9
	android:name
		ADDED from AndroidManifest.xml:6:9
application
ADDED from AndroidManifest.xml:9:5
MERGED from com.android.support:appcompat-v7:21.0.2:16:5
MERGED from com.android.support:support-v4:21.0.2:16:5
	android:label
		ADDED from AndroidManifest.xml:12:9
	android:allowBackup
		ADDED from AndroidManifest.xml:10:9
	android:icon
		ADDED from AndroidManifest.xml:11:9
	android:theme
		ADDED from AndroidManifest.xml:13:9
activity#com.nagopy.android.downloadconfirm.Settings
ADDED from AndroidManifest.xml:14:9
	android:launchMode
		ADDED from AndroidManifest.xml:16:13
	android:name
		ADDED from AndroidManifest.xml:15:13
intent-filter#android.intent.action.MAIN+android.intent.category.LAUNCHER
ADDED from AndroidManifest.xml:17:13
action#android.intent.action.MAIN
ADDED from AndroidManifest.xml:18:17
	android:name
		ADDED from AndroidManifest.xml:18:25
category#android.intent.category.LAUNCHER
ADDED from AndroidManifest.xml:19:17
	android:name
		ADDED from AndroidManifest.xml:19:27
service#com.nagopy.android.downloadconfirm.PackageManagementService
ADDED from AndroidManifest.xml:23:9
	android:enabled
		ADDED from AndroidManifest.xml:25:13
	android:exported
		ADDED from AndroidManifest.xml:26:13
	android:name
		ADDED from AndroidManifest.xml:24:13
activity#com.nagopy.android.downloadconfirm.extension.ZipConfirmActivity
ADDED from AndroidManifest.xml:28:9
	android:enabled
		ADDED from AndroidManifest.xml:30:13
	android:label
		ADDED from AndroidManifest.xml:31:13
	android:theme
		ADDED from AndroidManifest.xml:32:13
	android:name
		ADDED from AndroidManifest.xml:29:13
intent-filter#android.intent.action.VIEW+android.intent.category.BROWSABLE+android.intent.category.DEFAULT
ADDED from AndroidManifest.xml:33:13
action#android.intent.action.VIEW
ADDED from AndroidManifest.xml:34:17
	android:name
		ADDED from AndroidManifest.xml:34:25
category#android.intent.category.BROWSABLE
ADDED from AndroidManifest.xml:36:17
	android:name
		ADDED from AndroidManifest.xml:36:27
category#android.intent.category.DEFAULT
ADDED from AndroidManifest.xml:37:17
	android:name
		ADDED from AndroidManifest.xml:37:27
data
ADDED from AndroidManifest.xml:39:17
	android:scheme
		ADDED from AndroidManifest.xml:39:23
activity#com.nagopy.android.downloadconfirm.extension.PdfConfirmActivity
ADDED from AndroidManifest.xml:47:9
	android:enabled
		ADDED from AndroidManifest.xml:49:13
	android:label
		ADDED from AndroidManifest.xml:50:13
	android:theme
		ADDED from AndroidManifest.xml:51:13
	android:name
		ADDED from AndroidManifest.xml:48:13
activity#com.nagopy.android.downloadconfirm.extension.TgzConfirmActivity
ADDED from AndroidManifest.xml:86:9
	android:enabled
		ADDED from AndroidManifest.xml:88:13
	android:label
		ADDED from AndroidManifest.xml:89:13
	android:theme
		ADDED from AndroidManifest.xml:90:13
	android:name
		ADDED from AndroidManifest.xml:87:13
activity#com.nagopy.android.downloadconfirm.host.DlGoogleConfirmActivity
ADDED from AndroidManifest.xml:105:9
	android:enabled
		ADDED from AndroidManifest.xml:107:13
	android:label
		ADDED from AndroidManifest.xml:108:13
	android:theme
		ADDED from AndroidManifest.xml:109:13
	android:name
		ADDED from AndroidManifest.xml:106:13
activity#com.nagopy.android.downloadconfirm.mimetype.TextPlainConfirmActivity
ADDED from AndroidManifest.xml:124:9
	android:enabled
		ADDED from AndroidManifest.xml:126:13
	android:label
		ADDED from AndroidManifest.xml:127:13
	android:theme
		ADDED from AndroidManifest.xml:128:13
	android:name
		ADDED from AndroidManifest.xml:125:13
activity#com.nagopy.android.downloadconfirm.mimetype.ImageConfirmActivity
ADDED from AndroidManifest.xml:156:9
	android:enabled
		ADDED from AndroidManifest.xml:158:13
	android:label
		ADDED from AndroidManifest.xml:159:13
	android:theme
		ADDED from AndroidManifest.xml:160:13
	android:name
		ADDED from AndroidManifest.xml:157:13
activity#com.nagopy.android.downloadconfirm.mimetype.AudioConfirmActivity
ADDED from AndroidManifest.xml:191:9
	android:enabled
		ADDED from AndroidManifest.xml:193:13
	android:label
		ADDED from AndroidManifest.xml:194:13
	android:theme
		ADDED from AndroidManifest.xml:195:13
	android:name
		ADDED from AndroidManifest.xml:192:13
activity#com.nagopy.android.downloadconfirm.mimetype.VideoConfirmActivity
ADDED from AndroidManifest.xml:210:9
	android:enabled
		ADDED from AndroidManifest.xml:212:13
	android:label
		ADDED from AndroidManifest.xml:213:13
	android:theme
		ADDED from AndroidManifest.xml:214:13
	android:name
		ADDED from AndroidManifest.xml:211:13
uses-sdk
INJECTED from AndroidManifest.xml:0:0 reason: use-sdk injection requested
MERGED from com.android.support:appcompat-v7:21.0.2:15:5
MERGED from com.android.support:support-v4:21.0.2:15:5
	android:targetSdkVersion
		INJECTED from AndroidManifest.xml:0:0
		INJECTED from AndroidManifest.xml:0:0
	android:minSdkVersion
		INJECTED from AndroidManifest.xml:0:0
		INJECTED from AndroidManifest.xml:0:0